[20:13:26.492] [INFO] Storybook Upgrade - v9.1.5
[20:13:26.513] [INFO] detect-projects-spinner-start: Detecting projects...
[20:13:26.518] [DEBUG] Finding Storybook projects...
[20:13:26.562] [DEBUG] Found 1 Storybook projects
[20:13:26.562] [INFO] detect-projects-spinner: Detecting projects: 1 projects
[20:13:26.562] [DEBUG] Getting Storybook data...
[20:13:26.562] [DEBUG] Getting Storybook info...
[20:13:26.563] [DEBUG] Loading main config...
[20:13:26.746] [DEBUG] Getting stories paths...
[20:13:26.758] [DEBUG] Getting package manager...
[20:13:27.157] [DEBUG] Getting Storybook version...
[20:13:27.158] [DEBUG] /packages/ui-core/.storybook - Validating before version... 8.6.14
[20:13:27.158] [DEBUG] /packages/ui-core/.storybook - Validating upgrade compatibility...
[20:13:27.158] [DEBUG] /packages/ui-core/.storybook - Fetching NPM version information...
[20:13:27.158] [DEBUG] Getting CLI versions from NPM for storybook...
[20:13:27.160] [DEBUG] Getting CLI versions from NPM for storybook@next...
[20:13:28.439] [DEBUG] /packages/ui-core/.storybook - Evaluating blockers...
[20:13:28.446] [DEBUG] Getting installed version for @storybook/experimental-addon-test...
[20:13:28.810] [INFO] detect-projects-spinner-stop: 1 project detected
[20:13:28.810] [DEBUG] Found 1 valid projects and 0 error projects
[20:13:28.810] [INFO] Upgrading from 8.6.14 to 9.1.5
[20:13:28.827] [INFO] upgrade-dependencies-task-start: Fetching versions to update package.json files..
[20:13:28.827] [DEBUG] Updating dependencies in /packages/ui-core/.storybook...
[20:13:28.844] [INFO] upgrade-dependencies-task: /packages/ui-core/package.json
/package.json
[20:13:28.844] [DEBUG] {
  "upgradedDependencies": []
}
[20:13:28.844] [DEBUG] {
  "upgradedDevDependencies": [
    "@storybook/addon-a11y@^9.1.5",
    "@storybook/react@^9.1.5",
    "@storybook/react-vite@^9.1.5",
    "storybook@^9.1.5"
  ]
}
[20:13:28.844] [DEBUG] {
  "upgradedPeerDependencies": []
}
[20:13:28.846] [DEBUG] Getting CLI versions from NPM for @storybook/addon-a11y...
[20:13:29.804] [DEBUG] Getting CLI versions from NPM for @storybook/react...
[20:13:30.807] [DEBUG] Getting CLI versions from NPM for @storybook/react-vite...
[20:13:31.838] [DEBUG] Using cached version for storybook...
[20:13:31.842] [DEBUG] {
  "upgradedDependencies": []
}
[20:13:31.842] [DEBUG] {
  "upgradedDevDependencies": []
}
[20:13:31.842] [DEBUG] {
  "upgradedPeerDependencies": []
}
[20:13:31.848] [INFO] upgrade-dependencies-task-success: Updated package versions in package.json files
[20:13:31.849] [INFO] detect-automigrations-task-start: Detecting automigrations...
[20:13:31.849] [DEBUG] Starting automigration collection across 1 projects and 15 fixes...
[20:13:31.863] [INFO] detect-automigrations-task: Checking automigrations for /packages/ui-core/.storybook...
[20:13:31.863] [DEBUG] Processing project: /packages/ui-core/.storybook
[20:13:31.863] [DEBUG] Checking fix eslintPlugin for project /packages/ui-core/.storybook...
[20:13:31.867] [DEBUG] Checking fix addon-mdx-gfm-remove for project /packages/ui-core/.storybook...
[20:13:31.867] [DEBUG] Checking fix addon-storysource-code-panel for project /packages/ui-core/.storybook...
[20:13:31.867] [DEBUG] Checking fix upgrade-storybook-related-dependencies for project /packages/ui-core/.storybook...
[20:13:31.867] [DEBUG] Checking for incompatible storybook packages...
[20:13:31.870] [DEBUG] Getting installed version for @storybook/addon-essentials...
[20:13:31.871] [DEBUG] Getting installed version for @storybook/test...
[20:13:32.205] [DEBUG] Getting CLI versions from NPM for @storybook/addon-essentials...
[20:13:32.206] [DEBUG] Getting CLI versions from NPM for @storybook/test...
[20:13:34.431] [DEBUG] Checking fix initial-globals for project /packages/ui-core/.storybook...
[20:13:34.460] [DEBUG] Checking fix addon-a11y-addon-test for project /packages/ui-core/.storybook...
[20:13:34.460] [DEBUG] Checking fix consolidated-imports for project /packages/ui-core/.storybook...
[20:13:34.462] [DEBUG] Checking fix addon-experimental-test for project /packages/ui-core/.storybook...
[20:13:34.462] [DEBUG] Using cached installed version for @storybook/experimental-addon-test...
[20:13:34.462] [DEBUG] Checking fix rnstorybook-config for project /packages/ui-core/.storybook...
[20:13:34.462] [DEBUG] Checking fix remove-addon-interactions for project /packages/ui-core/.storybook...
[20:13:34.463] [DEBUG] Checking fix renderer-to-framework for project /packages/ui-core/.storybook...
[20:13:34.463] [DEBUG] Checking fix remove-essential-addons for project /packages/ui-core/.storybook...
[20:13:34.463] [DEBUG] Checking fix addon-a11y-parameters for project /packages/ui-core/.storybook...
[20:13:34.470] [DEBUG] Checking fix remove-docs-autodocs for project /packages/ui-core/.storybook...
[20:13:34.473] [DEBUG] Checking fix wrap-require for project /packages/ui-core/.storybook...
[20:13:34.492] [INFO] detect-automigrations-task: 
Automigrations detected:
[20:13:34.510] [INFO] detect-automigrations-task: ✔ eslintPlugin
[20:13:34.525] [INFO] detect-automigrations-task: ✔ consolidated-imports
[20:13:34.548] [INFO] detect-automigrations-task: ✔ renderer-to-framework
[20:13:34.565] [INFO] detect-automigrations-task: ✔ remove-essential-addons
[20:13:34.579] [INFO] detect-automigrations-task: ✔ remove-docs-autodocs
[20:13:34.598] [INFO] detect-automigrations-task: ✔ wrap-require
[20:13:34.598] [INFO] detect-automigrations-task-success: 6 automigration(s) detected
[20:18:10.359] [PROMPT] Select automigrations to run {"choice":["eslintPlugin","renderer-to-framework","remove-essential-addons","remove-docs-autodocs","wrap-require"]}
[20:18:10.359] [INFO] automigrate-/packages/ui-core/.storybook-task-start: Running automigrations for /packages/ui-core/.storybook
[20:18:10.359] [DEBUG] Adding dependencies: eslint-plugin-storybook@9.1.5
[20:18:10.360] [DEBUG] Getting CLI versions from NPM for eslint-plugin-storybook...
[20:18:12.088] [DEBUG] Detected flat config at /Users/jarl.l/Documents/Github/nostromo-ui/packages/ui-core/eslint.config.js
[20:18:12.170] [INFO] automigrate-/packages/ui-core/.storybook-task: ✔ eslintPlugin
[20:18:12.170] [DEBUG] 
Migrating @storybook/react to @storybook/react-vite
[20:18:12.177] [DEBUG] Updating package.json files...
[20:18:12.195] [INFO] automigrate-/packages/ui-core/.storybook-task: ✔ renderer-to-framework
[20:18:12.199] [DEBUG] Uninstalling @storybook/addon-essentials
[20:18:12.200] [DEBUG] Removing '@storybook/addon-essentials' from main.js addons field.
[20:18:12.208] [DEBUG] Getting Storybook info...
[20:18:12.211] [DEBUG] Loading main config...
[20:18:12.216] [DEBUG] Getting stories paths...
[20:18:12.216] [DEBUG] Getting package manager...
[20:18:12.247] [DEBUG] Getting Storybook version...
[20:18:12.269] [INFO] automigrate-/packages/ui-core/.storybook-task: Verifying @storybook/addon-docs
[20:18:12.282] [INFO] automigrate-/packages/ui-core/.storybook-task: Installing @storybook/addon-docs@^9.1.5
[20:18:12.282] [DEBUG] Getting CLI versions from NPM for @storybook/addon-docs...
[20:18:13.633] [INFO] automigrate-/packages/ui-core/.storybook-task: Adding '@storybook/addon-docs' to the "addons" field in
/Users/jarl.l/Documents/Github/nostromo-ui/packages/ui-core/.storybook/main.ts
[20:18:13.700] [INFO] automigrate-/packages/ui-core/.storybook-task: ✔ remove-essential-addons
[20:18:13.727] [INFO] automigrate-/packages/ui-core/.storybook-task: 🔄 Updating docs parameter in main config file...
[20:18:13.757] [INFO] automigrate-/packages/ui-core/.storybook-task: ✔ remove-docs-autodocs
[20:18:13.787] [INFO] automigrate-/packages/ui-core/.storybook-task: ✔ wrap-require
[20:18:13.787] [INFO] automigrate-/packages/ui-core/.storybook-task-success: Completed automigrations for /packages/ui-core/.storybook
[20:18:13.787] [INFO] Installing dependencies...
[20:18:13.787] [INFO] install-dependencies-task-start: Installing dependencies...
[20:18:14.072] [INFO] Scope: all 5 workspace projects
[20:18:14.096] [INFO] install-dependencies-task: Scope: all 5 workspace projects
[20:18:14.248] [INFO] ../..                                    | Progress: resolved 0, reused 1, downloaded 0, added 0
[20:18:14.271] [INFO] install-dependencies-task: ../..                                    | Progress: resolved 0,
reused 1, downloaded 0, added 0
[20:18:14.451] [INFO] ../ui-marketing                          |  WARN  deprecated tsup@7.3.0
[20:18:14.470] [INFO] install-dependencies-task: ../ui-marketing                          |  WARN  deprecated
tsup@7.3.0
[20:18:15.249] [INFO] ../..                                    | Progress: resolved 45, reused 43, downloaded 2, added 0
[20:18:15.262] [INFO] install-dependencies-task: ../..                                    | Progress: resolved
45, reused 43, downloaded 2, added 0
[20:18:16.249] [INFO] ../..                                    | Progress: resolved 419, reused 296, downloaded 2, added 0
[20:18:16.276] [INFO] install-dependencies-task: ../..                                    | Progress: resolved
419, reused 296, downloaded 2, added 0
[20:18:17.251] [INFO] ../..                                    | Progress: resolved 868, reused 711, downloaded 2, added 0
[20:18:17.284] [INFO] install-dependencies-task: ../..                                    | Progress: resolved
868, reused 711, downloaded 2, added 0
[20:18:17.814] [INFO] WARN  1 deprecated subdependencies found: source-map@0.8.0-beta.0
[20:18:17.837] [INFO] install-dependencies-task: WARN  1 deprecated subdependencies found:
source-map@0.8.0-beta.0
[20:18:17.842] [INFO] ../..                                    |  +31 +++
[20:18:17.867] [INFO] install-dependencies-task: ../..                                    |  +31 +++
[20:18:18.251] [INFO] ../..                                    | Progress: resolved 882, reused 716, downloaded 2, added 12
[20:18:18.289] [INFO] install-dependencies-task: ../..                                    | Progress: resolved
882, reused 716, downloaded 2, added 12
[20:18:18.468] [INFO] ../..                                    | Progress: resolved 882, reused 716, downloaded 2, added 16, done
[20:18:18.497] [INFO] install-dependencies-task: ../..                                    | Progress: resolved
882, reused 716, downloaded 2, added 16, done
[20:18:19.308] [INFO] devDependencies:
- @storybook/addon-a11y 8.6.14
+ @storybook/addon-a11y 9.1.5
+ @storybook/addon-docs 9.1.5
- @storybook/addon-essentials 8.6.14
- @storybook/react 8.6.14
- @storybook/react-vite 8.6.14
+ @storybook/react-vite 9.1.5
+ eslint-plugin-storybook 9.1.5
- storybook 8.6.14
+ storybook 9.1.5
[20:18:19.328] [INFO] install-dependencies-task: devDependencies:
- @storybook/addon-a11y 8.6.14
+ @storybook/addon-a11y 9.1.5
+ @storybook/addon-docs 9.1.5
- @storybook/addon-essentials 8.6.14
- @storybook/react 8.6.14
- @storybook/react-vite 8.6.14
+ @storybook/react-vite 9.1.5
+ eslint-plugin-storybook 9.1.5
- storybook 8.6.14
+ storybook 9.1.5
[20:18:19.328] [INFO] WARN  Issues with peer dependencies found
packages/ui-core
└─┬ @storybook/test 8.6.14
  ├── ✕ unmet peer storybook@^8.6.14: found 9.1.5
  └─┬ @storybook/instrumenter 8.6.14
    └── ✕ unmet peer storybook@^8.6.14: found 9.1.5

Done in 5.4s
[20:18:19.343] [INFO] install-dependencies-task: WARN  Issues with peer dependencies found
packages/ui-core
└─┬ @storybook/test 8.6.14
├── ✕ unmet peer storybook@^8.6.14: found 9.1.5
└─┬ @storybook/instrumenter 8.6.14
└── ✕ unmet peer storybook@^8.6.14: found 9.1.5

Done in 5.4s
[20:18:19.345] [INFO] Dependencies installed
[20:18:19.345] [INFO] install-dependencies-task-success: Dependencies installed
[20:18:19.345] [WARN] Since you are in a monorepo, we advise you to deduplicate your dependencies. We can do this for you but it might take some time.
[20:18:32.824] [PROMPT] Execute pnpm run dedupe? {"choice":true}
[20:18:32.825] [INFO] Deduplicating dependencies...
[20:18:32.825] [INFO] dedupe-dependencies-task-start: Deduplicating dependencies...
[20:18:33.234] [INFO] ../..                                    | Progress: resolved 1, reused 0, downloaded 0, added 0
[20:18:33.250] [INFO] dedupe-dependencies-task: ../..                                    | Progress: resolved 1,
reused 0, downloaded 0, added 0
[20:18:34.235] [INFO] ../..                                    | Progress: resolved 28, reused 27, downloaded 0, added 0
[20:18:34.272] [INFO] dedupe-dependencies-task: ../..                                    | Progress: resolved
28, reused 27, downloaded 0, added 0
[20:18:34.794] [INFO] WARN  deprecated tsup@7.3.0: Breaking node 16
[20:18:34.818] [INFO] dedupe-dependencies-task: WARN  deprecated tsup@7.3.0: Breaking node 16
[20:18:35.235] [INFO] ../..                                    | Progress: resolved 43, reused 43, downloaded 0, added 0
[20:18:35.274] [INFO] dedupe-dependencies-task: ../..                                    | Progress: resolved
43, reused 43, downloaded 0, added 0
[20:18:36.260] [INFO] ../..                                    | Progress: resolved 172, reused 159, downloaded 0, added 0
[20:18:36.280] [INFO] dedupe-dependencies-task: ../..                                    | Progress: resolved
172, reused 159, downloaded 0, added 0
[20:18:37.260] [INFO] ../..                                    | Progress: resolved 452, reused 385, downloaded 0, added 0
[20:18:37.292] [INFO] dedupe-dependencies-task: ../..                                    | Progress: resolved
452, reused 385, downloaded 0, added 0
[20:18:38.260] [INFO] ../..                                    | Progress: resolved 838, reused 704, downloaded 0, added 0
[20:18:38.276] [INFO] dedupe-dependencies-task: ../..                                    | Progress: resolved
838, reused 704, downloaded 0, added 0
[20:18:38.500] [INFO] WARN  1 deprecated subdependencies found: source-map@0.8.0-beta.0
[20:18:38.534] [INFO] dedupe-dependencies-task: WARN  1 deprecated subdependencies found:
source-map@0.8.0-beta.0
[20:18:38.534] [INFO] ../..                                    |   +3 +
[20:18:38.554] [INFO] dedupe-dependencies-task: ../..                                    |   +3 +
[20:18:38.606] [INFO] ../..                                    | Progress: resolved 855, reused 712, downloaded 0, added 0, done
[20:18:38.623] [INFO] dedupe-dependencies-task: ../..                                    | Progress: resolved
855, reused 712, downloaded 0, added 0, done
[20:18:39.036] [INFO] devDependencies:
- tsup 7.2.0
+ tsup 7.3.0 (8.5.0 is available) deprecated
[20:18:39.054] [INFO] dedupe-dependencies-task: devDependencies:
- tsup 7.2.0
+ tsup 7.3.0 (8.5.0 is available) deprecated
[20:18:39.054] [INFO] WARN  Issues with peer dependencies found
packages/ui-core
└─┬ @storybook/test 8.6.14
  ├── ✕ unmet peer storybook@^8.6.14: found 9.1.5
  └─┬ @storybook/instrumenter 8.6.14
    └── ✕ unmet peer storybook@^8.6.14: found 9.1.5
[20:18:39.070] [INFO] dedupe-dependencies-task: WARN  Issues with peer dependencies found
packages/ui-core
└─┬ @storybook/test 8.6.14
├── ✕ unmet peer storybook@^8.6.14: found 9.1.5
└─┬ @storybook/instrumenter 8.6.14
└── ✕ unmet peer storybook@^8.6.14: found 9.1.5
[20:18:39.082] [INFO] Dependencies deduplicated
[20:18:39.082] [INFO] dedupe-dependencies-task-success: Dependencies deduplicated
[20:18:39.082] [INFO] Checking the health of your project(s)..
[20:18:39.444] [WARN] /packages/ui-core/.storybook: 1 issue found
[20:18:39.463] [INFO] You are currently using Storybook 9.1.5 but you have packages which are incompatible with it:

- @storybook/test@8.6.14 which depends on 8.6.14
 Repo: https://github.com/storybookjs/storybook/tree/next/code/lib/test

Please consider updating your packages or contacting the maintainers for compatibility details.

For more on Storybook 9 compatibility, see the linked GitHub issue:
https://github.com/storybookjs/storybook/issues/30944
[20:18:39.463] [INFO] Incompatible Packages
[20:18:39.483] [INFO] You are currently using Storybook 9.1.5 but you have packages which are incompatible with it:

- @storybook/test@8.6.14 which depends on 8.6.14
 Repo: https://github.com/storybookjs/storybook/tree/next/code/lib/test

Please consider updating your packages or contacting the maintainers for compatibility details.

For more on Storybook 9 compatibility, see the linked GitHub issue:
https://github.com/storybookjs/storybook/issues/30944
[20:18:39.505] [INFO] Storybook doctor is complete!
[20:18:39.524] [INFO] You can always recheck the health of your project(s) by running:
npx storybook doctor
[20:18:39.549] [INFO] The upgrade is complete!
[20:18:39.570] [INFO] Your project(s) have been upgraded successfully, but some issues were found which need your attention, please check Storybook doctor logs above.
[20:18:39.718] [INFO] If you want to learn more about the automigrations that executed in your project(s), please check the following links:

• eslintPlugin
• renderer-to-framework
• remove-essential-addons
• remove-docs-autodocs
• wrap-require
[20:18:39.734] [INFO] For a full list of changes, please check our migration guide: https://storybook.js.org/docs/migration-guide?ref=upgrade
[20:18:39.752] [INFO] Attention: Storybook now collects completely anonymous telemetry regarding usage. This information is used to shape Storybook's roadmap and prioritize features.
[20:18:39.768] [INFO] You can learn more, including how to opt-out if you'd not like to participate in this anonymous program, by visiting the following URL:
[20:18:39.786] [INFO] https://storybook.js.org/telemetry
[20:18:39.804] [INFO] 