2025-10-09T11:00:12.364278Z  INFO tailwindcss_oxide::scanner: Provided sources:
2025-10-09T11:00:12.364513Z  INFO tailwindcss_oxide::scanner: Source: PublicSourceEntry { base: "/Users/jarl.l/Documents/Github/nostromo-ui/packages/ui-core", pattern: "**/*", negated: false }
2025-10-09T11:00:12.364578Z  INFO tailwindcss_oxide::scanner: Optimized sources:
2025-10-09T11:00:12.364583Z  INFO tailwindcss_oxide::scanner: Source: Auto { base: "/Users/jarl.l/Documents/Github/nostromo-ui/packages/ui-core" }
2025-10-09T11:00:12.365425Z  INFO scan_sources: tailwindcss_oxide::scanner: enter
2025-10-09T11:00:12.371549Z  INFO scan_sources: tailwindcss_oxide::scanner: Discovering "/Users/jarl.l/Documents/Github/nostromo-ui/packages/ui-core/tailwind.config.js"
2025-10-09T11:00:12.372915Z  INFO scan_sources: tailwindcss_oxide::scanner: Discovering "/Users/jarl.l/Documents/Github/nostromo-ui/packages/ui-core/.storybook"
2025-10-09T11:00:12.373034Z  INFO scan_sources: tailwindcss_oxide::scanner: Discovering "/Users/jarl.l/Documents/Github/nostromo-ui/packages/ui-core/.storybook/manager.ts"
2025-10-09T11:00:12.373053Z  INFO scan_sources: tailwindcss_oxide::scanner: Discovering "/Users/jarl.l/Documents/Github/nostromo-ui/packages/ui-core/.storybook/tailwind.config.js"
2025-10-09T11:00:12.373068Z  INFO scan_sources: tailwindcss_oxide::scanner: Discovering "/Users/jarl.l/Documents/Github/nostromo-ui/packages/ui-core/.storybook/tailwind-entry.css"
2025-10-09T11:00:12.373081Z  INFO scan_sources: tailwindcss_oxide::scanner: Discovering "/Users/jarl.l/Documents/Github/nostromo-ui/packages/ui-core/.storybook/main.ts"
2025-10-09T11:00:12.373095Z  INFO scan_sources: tailwindcss_oxide::scanner: Discovering "/Users/jarl.l/Documents/Github/nostromo-ui/packages/ui-core/.storybook/styles.css"
2025-10-09T11:00:12.373109Z  INFO scan_sources: tailwindcss_oxide::scanner: Discovering "/Users/jarl.l/Documents/Github/nostromo-ui/packages/ui-core/.storybook/preview.tsx"
2025-10-09T11:00:12.373125Z  INFO scan_sources: tailwindcss_oxide::scanner: Discovering "/Users/jarl.l/Documents/Github/nostromo-ui/packages/ui-core/.storybook/preview-head.html"
2025-10-09T11:00:12.373136Z  INFO scan_sources: tailwindcss_oxide::scanner: Discovering "/Users/jarl.l/Documents/Github/nostromo-ui/packages/ui-core/.storybook/preview.css"
2025-10-09T11:00:12.373303Z  INFO scan_sources: tailwindcss_oxide::scanner: Discovering "/Users/jarl.l/Documents/Github/nostromo-ui/packages/ui-core/.storybook/public"
2025-10-09T11:00:12.373394Z  INFO scan_sources: tailwindcss_oxide::scanner: Discovering "/Users/jarl.l/Documents/Github/nostromo-ui/packages/ui-core/.storybook/public/tailwind.css"
2025-10-09T11:00:12.373430Z  INFO scan_sources: tailwindcss_oxide::scanner: Discovering "/Users/jarl.l/Documents/Github/nostromo-ui/packages/ui-core/.storybook/tw-output.css"
2025-10-09T11:00:12.373445Z  INFO scan_sources: tailwindcss_oxide::scanner: Discovering "/Users/jarl.l/Documents/Github/nostromo-ui/packages/ui-core/.storybook/tw-input.css"
2025-10-09T11:00:12.373462Z  INFO scan_sources: tailwindcss_oxide::scanner: Discovering "/Users/jarl.l/Documents/Github/nostromo-ui/packages/ui-core/.storybook/postcss.config.js"
2025-10-09T11:00:12.373479Z  INFO scan_sources: tailwindcss_oxide::scanner: Discovering "/Users/jarl.l/Documents/Github/nostromo-ui/packages/ui-core/.storybook/favicon.svg"
2025-10-09T11:00:12.373502Z  INFO scan_sources: tailwindcss_oxide::scanner: Discovering "/Users/jarl.l/Documents/Github/nostromo-ui/packages/ui-core/tailwind.config.ts"
2025-10-09T11:00:12.373736Z  INFO scan_sources: tailwindcss_oxide::scanner: Discovering "/Users/jarl.l/Documents/Github/nostromo-ui/packages/ui-core/package.json"
2025-10-09T11:00:12.373750Z  INFO scan_sources: tailwindcss_oxide::scanner: Discovering "/Users/jarl.l/Documents/Github/nostromo-ui/packages/ui-core/tsup.config.ts"
2025-10-09T11:00:12.373782Z  INFO scan_sources: tailwindcss_oxide::scanner: Discovering "/Users/jarl.l/Documents/Github/nostromo-ui/packages/ui-core/tsconfig.json"
2025-10-09T11:00:12.373796Z  INFO scan_sources: tailwindcss_oxide::scanner: Discovering "/Users/jarl.l/Documents/Github/nostromo-ui/packages/ui-core/eslint.config.js"
2025-10-09T11:00:12.373816Z  INFO scan_sources: tailwindcss_oxide::scanner: Discovering "/Users/jarl.l/Documents/Github/nostromo-ui/packages/ui-core/vitest.config.ts"
2025-10-09T11:00:12.373827Z  INFO scan_sources: tailwindcss_oxide::scanner: Discovering "/Users/jarl.l/Documents/Github/nostromo-ui/packages/ui-core/postcss.config.js"
2025-10-09T11:00:12.374801Z  INFO scan_sources: tailwindcss_oxide::scanner: Discovering "/Users/jarl.l/Documents/Github/nostromo-ui/packages/ui-core/src"
2025-10-09T11:00:12.378852Z  INFO scan_sources: tailwindcss_oxide::scanner: Discovering "/Users/jarl.l/Documents/Github/nostromo-ui/packages/ui-core/src/test"
2025-10-09T11:00:12.379057Z  INFO scan_sources: tailwindcss_oxide::scanner: Discovering "/Users/jarl.l/Documents/Github/nostromo-ui/packages/ui-core/src/test/setup.ts"
2025-10-09T11:00:12.379362Z  INFO scan_sources: tailwindcss_oxide::scanner: Discovering "/Users/jarl.l/Documents/Github/nostromo-ui/packages/ui-core/src/components"
2025-10-09T11:00:12.379585Z  INFO scan_sources: tailwindcss_oxide::scanner: Discovering "/Users/jarl.l/Documents/Github/nostromo-ui/packages/ui-core/src/components/pagination.tsx"
2025-10-09T11:00:12.379613Z  INFO scan_sources: tailwindcss_oxide::scanner: Discovering "/Users/jarl.l/Documents/Github/nostromo-ui/packages/ui-core/src/components/error-boundary.tsx"
2025-10-09T11:00:12.379626Z  INFO scan_sources: tailwindcss_oxide::scanner: Discovering "/Users/jarl.l/Documents/Github/nostromo-ui/packages/ui-core/src/components/tabs.tsx"
2025-10-09T11:00:12.379638Z  INFO scan_sources: tailwindcss_oxide::scanner: Discovering "/Users/jarl.l/Documents/Github/nostromo-ui/packages/ui-core/src/components/card.tsx"
2025-10-09T11:00:12.379648Z  INFO scan_sources: tailwindcss_oxide::scanner: Discovering "/Users/jarl.l/Documents/Github/nostromo-ui/packages/ui-core/src/components/progress.tsx"
2025-10-09T11:00:12.379663Z  INFO scan_sources: tailwindcss_oxide::scanner: Discovering "/Users/jarl.l/Documents/Github/nostromo-ui/packages/ui-core/src/components/icon.tsx"
2025-10-09T11:00:12.379677Z  INFO scan_sources: tailwindcss_oxide::scanner: Discovering "/Users/jarl.l/Documents/Github/nostromo-ui/packages/ui-core/src/components/helper-text.tsx"
2025-10-09T11:00:12.379938Z  INFO scan_sources: tailwindcss_oxide::scanner: Discovering "/Users/jarl.l/Documents/Github/nostromo-ui/packages/ui-core/src/components/__stories__"
2025-10-09T11:00:12.380040Z  INFO scan_sources: tailwindcss_oxide::scanner: Discovering "/Users/jarl.l/Documents/Github/nostromo-ui/packages/ui-core/src/components/__stories__/Card.stories.tsx"
2025-10-09T11:00:12.380061Z  INFO scan_sources: tailwindcss_oxide::scanner: Discovering "/Users/jarl.l/Documents/Github/nostromo-ui/packages/ui-core/src/components/__stories__/Input.stories.tsx"
2025-10-09T11:00:12.380074Z  INFO scan_sources: tailwindcss_oxide::scanner: Discovering "/Users/jarl.l/Documents/Github/nostromo-ui/packages/ui-core/src/components/__stories__/ErrorMessage.stories.tsx"
2025-10-09T11:00:12.380085Z  INFO scan_sources: tailwindcss_oxide::scanner: Discovering "/Users/jarl.l/Documents/Github/nostromo-ui/packages/ui-core/src/components/__stories__/Button.stories.tsx"
2025-10-09T11:00:12.380097Z  INFO scan_sources: tailwindcss_oxide::scanner: Discovering "/Users/jarl.l/Documents/Github/nostromo-ui/packages/ui-core/src/components/__stories__/Toast.stories.tsx"
2025-10-09T11:00:12.380107Z  INFO scan_sources: tailwindcss_oxide::scanner: Discovering "/Users/jarl.l/Documents/Github/nostromo-ui/packages/ui-core/src/components/__stories__/Icon.stories.tsx"
2025-10-09T11:00:12.380118Z  INFO scan_sources: tailwindcss_oxide::scanner: Discovering "/Users/jarl.l/Documents/Github/nostromo-ui/packages/ui-core/src/components/__stories__/Dialog.stories.tsx"
2025-10-09T11:00:12.380128Z  INFO scan_sources: tailwindcss_oxide::scanner: Discovering "/Users/jarl.l/Documents/Github/nostromo-ui/packages/ui-core/src/components/__stories__/Avatar.stories.tsx"
2025-10-09T11:00:12.380138Z  INFO scan_sources: tailwindcss_oxide::scanner: Discovering "/Users/jarl.l/Documents/Github/nostromo-ui/packages/ui-core/src/components/__stories__/HelperText.stories.tsx"
2025-10-09T11:00:12.380160Z  INFO scan_sources: tailwindcss_oxide::scanner: Discovering "/Users/jarl.l/Documents/Github/nostromo-ui/packages/ui-core/src/components/__stories__/Accordion.stories.tsx"
2025-10-09T11:00:12.380172Z  INFO scan_sources: tailwindcss_oxide::scanner: Discovering "/Users/jarl.l/Documents/Github/nostromo-ui/packages/ui-core/src/components/__stories__/Select.stories.tsx"
2025-10-09T11:00:12.380182Z  INFO scan_sources: tailwindcss_oxide::scanner: Discovering "/Users/jarl.l/Documents/Github/nostromo-ui/packages/ui-core/src/components/__stories__/Tabs.stories.tsx"
2025-10-09T11:00:12.380192Z  INFO scan_sources: tailwindcss_oxide::scanner: Discovering "/Users/jarl.l/Documents/Github/nostromo-ui/packages/ui-core/src/components/__stories__/Label.stories.tsx"
2025-10-09T11:00:12.380203Z  INFO scan_sources: tailwindcss_oxide::scanner: Discovering "/Users/jarl.l/Documents/Github/nostromo-ui/packages/ui-core/src/components/__stories__/Progress.stories.tsx"
2025-10-09T11:00:12.380213Z  INFO scan_sources: tailwindcss_oxide::scanner: Discovering "/Users/jarl.l/Documents/Github/nostromo-ui/packages/ui-core/src/components/__stories__/Skeleton.stories.tsx"
2025-10-09T11:00:12.380223Z  INFO scan_sources: tailwindcss_oxide::scanner: Discovering "/Users/jarl.l/Documents/Github/nostromo-ui/packages/ui-core/src/components/__stories__/Table.stories.tsx"
2025-10-09T11:00:12.380233Z  INFO scan_sources: tailwindcss_oxide::scanner: Discovering "/Users/jarl.l/Documents/Github/nostromo-ui/packages/ui-core/src/components/__stories__/Badge.stories.tsx"
2025-10-09T11:00:12.380243Z  INFO scan_sources: tailwindcss_oxide::scanner: Discovering "/Users/jarl.l/Documents/Github/nostromo-ui/packages/ui-core/src/components/__stories__/Tooltip.stories.tsx"
2025-10-09T11:00:12.380253Z  INFO scan_sources: tailwindcss_oxide::scanner: Discovering "/Users/jarl.l/Documents/Github/nostromo-ui/packages/ui-core/src/components/__stories__/ConfigTest.stories.tsx"
2025-10-09T11:00:12.380286Z  INFO scan_sources: tailwindcss_oxide::scanner: Discovering "/Users/jarl.l/Documents/Github/nostromo-ui/packages/ui-core/src/components/label.tsx"
2025-10-09T11:00:12.380298Z  INFO scan_sources: tailwindcss_oxide::scanner: Discovering "/Users/jarl.l/Documents/Github/nostromo-ui/packages/ui-core/src/components/accordion.tsx"
2025-10-09T11:00:12.380307Z  INFO scan_sources: tailwindcss_oxide::scanner: Discovering "/Users/jarl.l/Documents/Github/nostromo-ui/packages/ui-core/src/components/tooltip.tsx"
2025-10-09T11:00:12.380317Z  INFO scan_sources: tailwindcss_oxide::scanner: Discovering "/Users/jarl.l/Documents/Github/nostromo-ui/packages/ui-core/src/components/alert.tsx"
2025-10-09T11:00:12.380327Z  INFO scan_sources: tailwindcss_oxide::scanner: Discovering "/Users/jarl.l/Documents/Github/nostromo-ui/packages/ui-core/src/components/switch.tsx"
2025-10-09T11:00:12.380337Z  INFO scan_sources: tailwindcss_oxide::scanner: Discovering "/Users/jarl.l/Documents/Github/nostromo-ui/packages/ui-core/src/components/error-message.tsx"
2025-10-09T11:00:12.380350Z  INFO scan_sources: tailwindcss_oxide::scanner: Discovering "/Users/jarl.l/Documents/Github/nostromo-ui/packages/ui-core/src/components/breadcrumb.tsx"
2025-10-09T11:00:12.380370Z  INFO scan_sources: tailwindcss_oxide::scanner: Discovering "/Users/jarl.l/Documents/Github/nostromo-ui/packages/ui-core/src/components/radio-group.tsx"
2025-10-09T11:00:12.380547Z  INFO scan_sources: tailwindcss_oxide::scanner: Discovering "/Users/jarl.l/Documents/Github/nostromo-ui/packages/ui-core/src/components/__tests__"
2025-10-09T11:00:12.380680Z  INFO scan_sources: tailwindcss_oxide::scanner: Discovering "/Users/jarl.l/Documents/Github/nostromo-ui/packages/ui-core/src/components/__tests__/card.a11y.test.tsx"
2025-10-09T11:00:12.380702Z  INFO scan_sources: tailwindcss_oxide::scanner: Discovering "/Users/jarl.l/Documents/Github/nostromo-ui/packages/ui-core/src/components/__tests__/textarea.a11y.test.tsx"
2025-10-09T11:00:12.380725Z  INFO scan_sources: tailwindcss_oxide::scanner: Discovering "/Users/jarl.l/Documents/Github/nostromo-ui/packages/ui-core/src/components/__tests__/button.test.tsx"
2025-10-09T11:00:12.380737Z  INFO scan_sources: tailwindcss_oxide::scanner: Discovering "/Users/jarl.l/Documents/Github/nostromo-ui/packages/ui-core/src/components/__tests__/label.a11y.test.tsx"
2025-10-09T11:00:12.380749Z  INFO scan_sources: tailwindcss_oxide::scanner: Discovering "/Users/jarl.l/Documents/Github/nostromo-ui/packages/ui-core/src/components/__tests__/table.a11y.test.tsx"
2025-10-09T11:00:12.380761Z  INFO scan_sources: tailwindcss_oxide::scanner: Discovering "/Users/jarl.l/Documents/Github/nostromo-ui/packages/ui-core/src/components/__tests__/switch.test.tsx"
2025-10-09T11:00:12.380772Z  INFO scan_sources: tailwindcss_oxide::scanner: Discovering "/Users/jarl.l/Documents/Github/nostromo-ui/packages/ui-core/src/components/__tests__/dialog.test.tsx"
2025-10-09T11:00:12.380784Z  INFO scan_sources: tailwindcss_oxide::scanner: Discovering "/Users/jarl.l/Documents/Github/nostromo-ui/packages/ui-core/src/components/__tests__/progress.test.tsx"
2025-10-09T11:00:12.380813Z  INFO scan_sources: tailwindcss_oxide::scanner: Discovering "/Users/jarl.l/Documents/Github/nostromo-ui/packages/ui-core/src/components/__tests__/breadcrumb.stories.tsx"
2025-10-09T11:00:12.380826Z  INFO scan_sources: tailwindcss_oxide::scanner: Discovering "/Users/jarl.l/Documents/Github/nostromo-ui/packages/ui-core/src/components/__tests__/select.a11y.test.tsx"
2025-10-09T11:00:12.380849Z  INFO scan_sources: tailwindcss_oxide::scanner: Discovering "/Users/jarl.l/Documents/Github/nostromo-ui/packages/ui-core/src/components/__tests__/progress.a11y.test.tsx"
2025-10-09T11:00:12.380873Z  INFO scan_sources: tailwindcss_oxide::scanner: Discovering "/Users/jarl.l/Documents/Github/nostromo-ui/packages/ui-core/src/components/__tests__/icon.a11y.test.tsx"
2025-10-09T11:00:12.380889Z  INFO scan_sources: tailwindcss_oxide::scanner: Discovering "/Users/jarl.l/Documents/Github/nostromo-ui/packages/ui-core/src/components/__tests__/error-message.test.tsx"
2025-10-09T11:00:12.380901Z  INFO scan_sources: tailwindcss_oxide::scanner: Discovering "/Users/jarl.l/Documents/Github/nostromo-ui/packages/ui-core/src/components/__tests__/separator.stories.tsx"
2025-10-09T11:00:12.380912Z  INFO scan_sources: tailwindcss_oxide::scanner: Discovering "/Users/jarl.l/Documents/Github/nostromo-ui/packages/ui-core/src/components/__tests__/switch.stories.tsx"
2025-10-09T11:00:12.380924Z  INFO scan_sources: tailwindcss_oxide::scanner: Discovering "/Users/jarl.l/Documents/Github/nostromo-ui/packages/ui-core/src/components/__tests__/button.a11y.test.tsx"
2025-10-09T11:00:12.380934Z  INFO scan_sources: tailwindcss_oxide::scanner: Discovering "/Users/jarl.l/Documents/Github/nostromo-ui/packages/ui-core/src/components/__tests__/alert.stories.tsx"
2025-10-09T11:00:12.380947Z  INFO scan_sources: tailwindcss_oxide::scanner: Discovering "/Users/jarl.l/Documents/Github/nostromo-ui/packages/ui-core/src/components/__tests__/checkbox.stories.tsx"
2025-10-09T11:00:12.380959Z  INFO scan_sources: tailwindcss_oxide::scanner: Discovering "/Users/jarl.l/Documents/Github/nostromo-ui/packages/ui-core/src/components/__tests__/breadcrumb.test.tsx"
2025-10-09T11:00:12.380970Z  INFO scan_sources: tailwindcss_oxide::scanner: Discovering "/Users/jarl.l/Documents/Github/nostromo-ui/packages/ui-core/src/components/__tests__/breadcrumb.a11y.test.tsx"
2025-10-09T11:00:12.380980Z  INFO scan_sources: tailwindcss_oxide::scanner: Discovering "/Users/jarl.l/Documents/Github/nostromo-ui/packages/ui-core/src/components/__tests__/input.test.tsx"
2025-10-09T11:00:12.380990Z  INFO scan_sources: tailwindcss_oxide::scanner: Discovering "/Users/jarl.l/Documents/Github/nostromo-ui/packages/ui-core/src/components/__tests__/card.test.tsx"
2025-10-09T11:00:12.381000Z  INFO scan_sources: tailwindcss_oxide::scanner: Discovering "/Users/jarl.l/Documents/Github/nostromo-ui/packages/ui-core/src/components/__tests__/toast.a11y.test.tsx"
2025-10-09T11:00:12.381019Z  INFO scan_sources: tailwindcss_oxide::scanner: Discovering "/Users/jarl.l/Documents/Github/nostromo-ui/packages/ui-core/src/components/__tests__/toast.test.tsx"
2025-10-09T11:00:12.381029Z  INFO scan_sources: tailwindcss_oxide::scanner: Discovering "/Users/jarl.l/Documents/Github/nostromo-ui/packages/ui-core/src/components/__tests__/textarea.stories.tsx"
2025-10-09T11:00:12.381041Z  INFO scan_sources: tailwindcss_oxide::scanner: Discovering "/Users/jarl.l/Documents/Github/nostromo-ui/packages/ui-core/src/components/__tests__/error-boundary.a11y.test.tsx"
2025-10-09T11:00:12.381051Z  INFO scan_sources: tailwindcss_oxide::scanner: Discovering "/Users/jarl.l/Documents/Github/nostromo-ui/packages/ui-core/src/components/__tests__/switch.a11y.test.tsx"
2025-10-09T11:00:12.381062Z  INFO scan_sources: tailwindcss_oxide::scanner: Discovering "/Users/jarl.l/Documents/Github/nostromo-ui/packages/ui-core/src/components/__tests__/error-boundary.test.tsx"
2025-10-09T11:00:12.381072Z  INFO scan_sources: tailwindcss_oxide::scanner: Discovering "/Users/jarl.l/Documents/Github/nostromo-ui/packages/ui-core/src/components/__tests__/helper-text.test.tsx"
2025-10-09T11:00:12.381082Z  INFO scan_sources: tailwindcss_oxide::scanner: Discovering "/Users/jarl.l/Documents/Github/nostromo-ui/packages/ui-core/src/components/__tests__/select.test.tsx"
2025-10-09T11:00:12.381093Z  INFO scan_sources: tailwindcss_oxide::scanner: Discovering "/Users/jarl.l/Documents/Github/nostromo-ui/packages/ui-core/src/components/__tests__/accordion.test.tsx"
2025-10-09T11:00:12.381102Z  INFO scan_sources: tailwindcss_oxide::scanner: Discovering "/Users/jarl.l/Documents/Github/nostromo-ui/packages/ui-core/src/components/__tests__/textarea.test.tsx"
2025-10-09T11:00:12.381112Z  INFO scan_sources: tailwindcss_oxide::scanner: Discovering "/Users/jarl.l/Documents/Github/nostromo-ui/packages/ui-core/src/components/__tests__/dialog.a11y.test.tsx"
2025-10-09T11:00:12.381122Z  INFO scan_sources: tailwindcss_oxide::scanner: Discovering "/Users/jarl.l/Documents/Github/nostromo-ui/packages/ui-core/src/components/__tests__/checkbox.a11y.test.tsx"
2025-10-09T11:00:12.381132Z  INFO scan_sources: tailwindcss_oxide::scanner: Discovering "/Users/jarl.l/Documents/Github/nostromo-ui/packages/ui-core/src/components/__tests__/skeleton.a11y.test.tsx"
2025-10-09T11:00:12.381142Z  INFO scan_sources: tailwindcss_oxide::scanner: Discovering "/Users/jarl.l/Documents/Github/nostromo-ui/packages/ui-core/src/components/__tests__/alert.test.tsx"
2025-10-09T11:00:12.381154Z  INFO scan_sources: tailwindcss_oxide::scanner: Discovering "/Users/jarl.l/Documents/Github/nostromo-ui/packages/ui-core/src/components/__tests__/alert.a11y.test.tsx"
2025-10-09T11:00:12.381166Z  INFO scan_sources: tailwindcss_oxide::scanner: Discovering "/Users/jarl.l/Documents/Github/nostromo-ui/packages/ui-core/src/components/__tests__/badge.test.tsx"
2025-10-09T11:00:12.381178Z  INFO scan_sources: tailwindcss_oxide::scanner: Discovering "/Users/jarl.l/Documents/Github/nostromo-ui/packages/ui-core/src/components/__tests__/tabs.test.tsx"
2025-10-09T11:00:12.381188Z  INFO scan_sources: tailwindcss_oxide::scanner: Discovering "/Users/jarl.l/Documents/Github/nostromo-ui/packages/ui-core/src/components/__tests__/accordion.a11y.test.tsx"
2025-10-09T11:00:12.381199Z  INFO scan_sources: tailwindcss_oxide::scanner: Discovering "/Users/jarl.l/Documents/Github/nostromo-ui/packages/ui-core/src/components/__tests__/pagination.a11y.test.tsx"
2025-10-09T11:00:12.381209Z  INFO scan_sources: tailwindcss_oxide::scanner: Discovering "/Users/jarl.l/Documents/Github/nostromo-ui/packages/ui-core/src/components/__tests__/checkbox.test.tsx"
2025-10-09T11:00:12.381234Z  INFO scan_sources: tailwindcss_oxide::scanner: Discovering "/Users/jarl.l/Documents/Github/nostromo-ui/packages/ui-core/src/components/__tests__/separator.test.tsx"
2025-10-09T11:00:12.381252Z  INFO scan_sources: tailwindcss_oxide::scanner: Discovering "/Users/jarl.l/Documents/Github/nostromo-ui/packages/ui-core/src/components/__tests__/radio-group.a11y.test.tsx"
2025-10-09T11:00:12.381268Z  INFO scan_sources: tailwindcss_oxide::scanner: Discovering "/Users/jarl.l/Documents/Github/nostromo-ui/packages/ui-core/src/components/__tests__/tabs.a11y.test.tsx"
2025-10-09T11:00:12.381278Z  INFO scan_sources: tailwindcss_oxide::scanner: Discovering "/Users/jarl.l/Documents/Github/nostromo-ui/packages/ui-core/src/components/__tests__/skeleton.test.tsx"
2025-10-09T11:00:12.381289Z  INFO scan_sources: tailwindcss_oxide::scanner: Discovering "/Users/jarl.l/Documents/Github/nostromo-ui/packages/ui-core/src/components/__tests__/radio-group.stories.tsx"
2025-10-09T11:00:12.381313Z  INFO scan_sources: tailwindcss_oxide::scanner: Discovering "/Users/jarl.l/Documents/Github/nostromo-ui/packages/ui-core/src/components/__tests__/badge.a11y.test.tsx"
2025-10-09T11:00:12.381324Z  INFO scan_sources: tailwindcss_oxide::scanner: Discovering "/Users/jarl.l/Documents/Github/nostromo-ui/packages/ui-core/src/components/__tests__/avatar.test.tsx"
2025-10-09T11:00:12.381334Z  INFO scan_sources: tailwindcss_oxide::scanner: Discovering "/Users/jarl.l/Documents/Github/nostromo-ui/packages/ui-core/src/components/__tests__/pagination.stories.tsx"
2025-10-09T11:00:12.381346Z  INFO scan_sources: tailwindcss_oxide::scanner: Discovering "/Users/jarl.l/Documents/Github/nostromo-ui/packages/ui-core/src/components/__tests__/error-message.a11y.test.tsx"
2025-10-09T11:00:12.381356Z  INFO scan_sources: tailwindcss_oxide::scanner: Discovering "/Users/jarl.l/Documents/Github/nostromo-ui/packages/ui-core/src/components/__tests__/separator.a11y.test.tsx"
2025-10-09T11:00:12.381366Z  INFO scan_sources: tailwindcss_oxide::scanner: Discovering "/Users/jarl.l/Documents/Github/nostromo-ui/packages/ui-core/src/components/__tests__/label.test.tsx"
2025-10-09T11:00:12.381378Z  INFO scan_sources: tailwindcss_oxide::scanner: Discovering "/Users/jarl.l/Documents/Github/nostromo-ui/packages/ui-core/src/components/__tests__/table.test.tsx"
2025-10-09T11:00:12.381389Z  INFO scan_sources: tailwindcss_oxide::scanner: Discovering "/Users/jarl.l/Documents/Github/nostromo-ui/packages/ui-core/src/components/__tests__/helper-text.a11y.test.tsx"
2025-10-09T11:00:12.381399Z  INFO scan_sources: tailwindcss_oxide::scanner: Discovering "/Users/jarl.l/Documents/Github/nostromo-ui/packages/ui-core/src/components/__tests__/tooltip.a11y.test.tsx"
2025-10-09T11:00:12.381428Z  INFO scan_sources: tailwindcss_oxide::scanner: Discovering "/Users/jarl.l/Documents/Github/nostromo-ui/packages/ui-core/src/components/__tests__/tooltip.test.tsx"
2025-10-09T11:00:12.381449Z  INFO scan_sources: tailwindcss_oxide::scanner: Discovering "/Users/jarl.l/Documents/Github/nostromo-ui/packages/ui-core/src/components/__tests__/radio-group.test.tsx"
2025-10-09T11:00:12.381461Z  INFO scan_sources: tailwindcss_oxide::scanner: Discovering "/Users/jarl.l/Documents/Github/nostromo-ui/packages/ui-core/src/components/__tests__/pagination.test.tsx"
2025-10-09T11:00:12.381471Z  INFO scan_sources: tailwindcss_oxide::scanner: Discovering "/Users/jarl.l/Documents/Github/nostromo-ui/packages/ui-core/src/components/__tests__/input.a11y.test.tsx"
2025-10-09T11:00:12.381504Z  INFO scan_sources: tailwindcss_oxide::scanner: Discovering "/Users/jarl.l/Documents/Github/nostromo-ui/packages/ui-core/src/components/avatar.tsx"
2025-10-09T11:00:12.381515Z  INFO scan_sources: tailwindcss_oxide::scanner: Discovering "/Users/jarl.l/Documents/Github/nostromo-ui/packages/ui-core/src/components/dialog.tsx"
2025-10-09T11:00:12.381526Z  INFO scan_sources: tailwindcss_oxide::scanner: Discovering "/Users/jarl.l/Documents/Github/nostromo-ui/packages/ui-core/src/components/badge.tsx"
2025-10-09T11:00:12.381536Z  INFO scan_sources: tailwindcss_oxide::scanner: Discovering "/Users/jarl.l/Documents/Github/nostromo-ui/packages/ui-core/src/components/table.tsx"
2025-10-09T11:00:12.381546Z  INFO scan_sources: tailwindcss_oxide::scanner: Discovering "/Users/jarl.l/Documents/Github/nostromo-ui/packages/ui-core/src/components/separator.tsx"
2025-10-09T11:00:12.381557Z  INFO scan_sources: tailwindcss_oxide::scanner: Discovering "/Users/jarl.l/Documents/Github/nostromo-ui/packages/ui-core/src/components/button.tsx"
2025-10-09T11:00:12.381571Z  INFO scan_sources: tailwindcss_oxide::scanner: Discovering "/Users/jarl.l/Documents/Github/nostromo-ui/packages/ui-core/src/components/toast.tsx"
2025-10-09T11:00:12.381582Z  INFO scan_sources: tailwindcss_oxide::scanner: Discovering "/Users/jarl.l/Documents/Github/nostromo-ui/packages/ui-core/src/components/checkbox.tsx"
2025-10-09T11:00:12.381591Z  INFO scan_sources: tailwindcss_oxide::scanner: Discovering "/Users/jarl.l/Documents/Github/nostromo-ui/packages/ui-core/src/components/select.tsx"
2025-10-09T11:00:12.381604Z  INFO scan_sources: tailwindcss_oxide::scanner: Discovering "/Users/jarl.l/Documents/Github/nostromo-ui/packages/ui-core/src/components/textarea.tsx"
2025-10-09T11:00:12.381614Z  INFO scan_sources: tailwindcss_oxide::scanner: Discovering "/Users/jarl.l/Documents/Github/nostromo-ui/packages/ui-core/src/components/input.tsx"
2025-10-09T11:00:12.381630Z  INFO scan_sources: tailwindcss_oxide::scanner: Discovering "/Users/jarl.l/Documents/Github/nostromo-ui/packages/ui-core/src/components/skeleton.tsx"
2025-10-09T11:00:12.381952Z  INFO scan_sources: tailwindcss_oxide::scanner: Discovering "/Users/jarl.l/Documents/Github/nostromo-ui/packages/ui-core/src/stories"
2025-10-09T11:00:12.382079Z  INFO scan_sources: tailwindcss_oxide::scanner: Discovering "/Users/jarl.l/Documents/Github/nostromo-ui/packages/ui-core/src/stories/Button.stories.ts"
2025-10-09T11:00:12.382117Z  INFO scan_sources: tailwindcss_oxide::scanner: Discovering "/Users/jarl.l/Documents/Github/nostromo-ui/packages/ui-core/src/stories/Page.stories.ts"
2025-10-09T11:00:12.382131Z  INFO scan_sources: tailwindcss_oxide::scanner: Discovering "/Users/jarl.l/Documents/Github/nostromo-ui/packages/ui-core/src/stories/page.css"
2025-10-09T11:00:12.382143Z  INFO scan_sources: tailwindcss_oxide::scanner: Discovering "/Users/jarl.l/Documents/Github/nostromo-ui/packages/ui-core/src/stories/Header.tsx"
2025-10-09T11:00:12.382153Z  INFO scan_sources: tailwindcss_oxide::scanner: Discovering "/Users/jarl.l/Documents/Github/nostromo-ui/packages/ui-core/src/stories/button.css"
2025-10-09T11:00:12.382162Z  INFO scan_sources: tailwindcss_oxide::scanner: Discovering "/Users/jarl.l/Documents/Github/nostromo-ui/packages/ui-core/src/stories/header.css"
2025-10-09T11:00:12.382174Z  INFO scan_sources: tailwindcss_oxide::scanner: Discovering "/Users/jarl.l/Documents/Github/nostromo-ui/packages/ui-core/src/stories/Button.tsx"
2025-10-09T11:00:12.382434Z  INFO scan_sources: tailwindcss_oxide::scanner: Discovering "/Users/jarl.l/Documents/Github/nostromo-ui/packages/ui-core/src/stories/assets"
2025-10-09T11:00:12.382530Z  INFO scan_sources: tailwindcss_oxide::scanner: Discovering "/Users/jarl.l/Documents/Github/nostromo-ui/packages/ui-core/src/stories/assets/github.svg"
2025-10-09T11:00:12.382544Z  INFO scan_sources: tailwindcss_oxide::scanner: Discovering "/Users/jarl.l/Documents/Github/nostromo-ui/packages/ui-core/src/stories/assets/tutorials.svg"
2025-10-09T11:00:12.382560Z  INFO scan_sources: tailwindcss_oxide::scanner: Discovering "/Users/jarl.l/Documents/Github/nostromo-ui/packages/ui-core/src/stories/assets/youtube.svg"
2025-10-09T11:00:12.382581Z  INFO scan_sources: tailwindcss_oxide::scanner: Discovering "/Users/jarl.l/Documents/Github/nostromo-ui/packages/ui-core/src/stories/assets/discord.svg"
2025-10-09T11:00:12.382591Z  INFO scan_sources: tailwindcss_oxide::scanner: Discovering "/Users/jarl.l/Documents/Github/nostromo-ui/packages/ui-core/src/stories/assets/accessibility.svg"
2025-10-09T11:00:12.382617Z  INFO scan_sources: tailwindcss_oxide::scanner: Discovering "/Users/jarl.l/Documents/Github/nostromo-ui/packages/ui-core/src/stories/Page.tsx"
2025-10-09T11:00:12.382629Z  INFO scan_sources: tailwindcss_oxide::scanner: Discovering "/Users/jarl.l/Documents/Github/nostromo-ui/packages/ui-core/src/stories/Configure.mdx"
2025-10-09T11:00:12.382639Z  INFO scan_sources: tailwindcss_oxide::scanner: Discovering "/Users/jarl.l/Documents/Github/nostromo-ui/packages/ui-core/src/stories/Header.stories.ts"
2025-10-09T11:00:12.382814Z  INFO scan_sources: tailwindcss_oxide::scanner: Discovering "/Users/jarl.l/Documents/Github/nostromo-ui/packages/ui-core/src/lib"
2025-10-09T11:00:12.382908Z  INFO scan_sources: tailwindcss_oxide::scanner: Discovering "/Users/jarl.l/Documents/Github/nostromo-ui/packages/ui-core/src/lib/performance.ts"
2025-10-09T11:00:12.382923Z  INFO scan_sources: tailwindcss_oxide::scanner: Discovering "/Users/jarl.l/Documents/Github/nostromo-ui/packages/ui-core/src/lib/utils.ts"
2025-10-09T11:00:12.383082Z  INFO scan_sources: tailwindcss_oxide::scanner: Discovering "/Users/jarl.l/Documents/Github/nostromo-ui/packages/ui-core/src/lib/__tests__"
2025-10-09T11:00:12.383202Z  INFO scan_sources: tailwindcss_oxide::scanner: Discovering "/Users/jarl.l/Documents/Github/nostromo-ui/packages/ui-core/src/lib/__tests__/lazy.test.tsx"
2025-10-09T11:00:12.383214Z  INFO scan_sources: tailwindcss_oxide::scanner: Discovering "/Users/jarl.l/Documents/Github/nostromo-ui/packages/ui-core/src/lib/__tests__/performance.test.ts"
2025-10-09T11:00:12.383234Z  INFO scan_sources: tailwindcss_oxide::scanner: Discovering "/Users/jarl.l/Documents/Github/nostromo-ui/packages/ui-core/src/lib/lazy.tsx"
2025-10-09T11:00:12.383252Z  INFO scan_sources: tailwindcss_oxide::scanner: Discovering "/Users/jarl.l/Documents/Github/nostromo-ui/packages/ui-core/src/index.ts"
2025-10-09T11:00:12.383300Z  INFO scan_sources: tailwindcss_oxide::scanner: exit
2025-10-09T11:00:12.383306Z  INFO extract_candidates: tailwindcss_oxide::scanner: enter
2025-10-09T11:00:12.383310Z  INFO extract_candidates:read_all_files: tailwindcss_oxide::scanner: enter
2025-10-09T11:00:12.383313Z  INFO extract_candidates:read_all_files: tailwindcss_oxide::scanner: Reading 140 file(s)
2025-10-09T11:00:12.387136Z  INFO tailwindcss_oxide::scanner: Reading "/Users/jarl.l/Documents/Github/nostromo-ui/packages/ui-core/src/components/__stories__/Label.stories.tsx"
2025-10-09T11:00:12.389390Z  INFO tailwindcss_oxide::scanner: Reading "/Users/jarl.l/Documents/Github/nostromo-ui/packages/ui-core/src/components/__tests__/input.test.tsx"
2025-10-09T11:00:12.389413Z  INFO tailwindcss_oxide::scanner: Reading "/Users/jarl.l/Documents/Github/nostromo-ui/packages/ui-core/src/components/error-boundary.tsx"
2025-10-09T11:00:12.389413Z  INFO tailwindcss_oxide::scanner: Reading "/Users/jarl.l/Documents/Github/nostromo-ui/packages/ui-core/tailwind.config.js"
2025-10-09T11:00:12.389450Z  INFO tailwindcss_oxide::scanner: Reading "/Users/jarl.l/Documents/Github/nostromo-ui/packages/ui-core/src/components/__tests__/button.test.tsx"
2025-10-09T11:00:12.389449Z  INFO tailwindcss_oxide::scanner: Reading "/Users/jarl.l/Documents/Github/nostromo-ui/packages/ui-core/tailwind.config.ts"
2025-10-09T11:00:12.389448Z  INFO tailwindcss_oxide::scanner: Reading "/Users/jarl.l/Documents/Github/nostromo-ui/packages/ui-core/src/components/__stories__/Button.stories.tsx"
2025-10-09T11:00:12.389537Z  INFO tailwindcss_oxide::scanner: Reading "/Users/jarl.l/Documents/Github/nostromo-ui/packages/ui-core/package.json"
2025-10-09T11:00:12.389623Z  INFO tailwindcss_oxide::scanner: Reading "/Users/jarl.l/Documents/Github/nostromo-ui/packages/ui-core/src/components/__tests__/icon.a11y.test.tsx"
2025-10-09T11:00:12.389658Z  INFO tailwindcss_oxide::scanner: Reading "/Users/jarl.l/Documents/Github/nostromo-ui/packages/ui-core/src/components/card.tsx"
2025-10-09T11:00:12.389664Z  INFO tailwindcss_oxide::scanner: Reading "/Users/jarl.l/Documents/Github/nostromo-ui/packages/ui-core/src/components/icon.tsx"
2025-10-09T11:00:12.389722Z  INFO tailwindcss_oxide::scanner: Reading "/Users/jarl.l/Documents/Github/nostromo-ui/packages/ui-core/src/components/__stories__/Progress.stories.tsx"
2025-10-09T11:00:12.389764Z  INFO tailwindcss_oxide::scanner: Reading "/Users/jarl.l/Documents/Github/nostromo-ui/packages/ui-core/src/components/__tests__/card.test.tsx"
2025-10-09T11:00:12.389787Z  INFO tailwindcss_oxide::scanner: Reading "/Users/jarl.l/Documents/Github/nostromo-ui/packages/ui-core/src/components/tabs.tsx"
2025-10-09T11:00:12.389814Z  INFO tailwindcss_oxide::scanner: Reading "/Users/jarl.l/Documents/Github/nostromo-ui/packages/ui-core/src/components/__stories__/Toast.stories.tsx"
2025-10-09T11:00:12.389907Z  INFO tailwindcss_oxide::scanner: Reading "/Users/jarl.l/Documents/Github/nostromo-ui/packages/ui-core/.storybook/manager.ts"
2025-10-09T11:00:12.389930Z  INFO tailwindcss_oxide::scanner: Reading "/Users/jarl.l/Documents/Github/nostromo-ui/packages/ui-core/src/components/__tests__/label.a11y.test.tsx"
2025-10-09T11:00:12.390013Z  INFO tailwindcss_oxide::scanner: Reading "/Users/jarl.l/Documents/Github/nostromo-ui/packages/ui-core/tsup.config.ts"
2025-10-09T11:00:12.390052Z  INFO tailwindcss_oxide::scanner: Reading "/Users/jarl.l/Documents/Github/nostromo-ui/packages/ui-core/src/components/__tests__/error-message.test.tsx"
2025-10-09T11:00:12.390069Z  INFO tailwindcss_oxide::scanner: Reading "/Users/jarl.l/Documents/Github/nostromo-ui/packages/ui-core/src/components/progress.tsx"
2025-10-09T11:00:12.390157Z  INFO tailwindcss_oxide::scanner: Reading "/Users/jarl.l/Documents/Github/nostromo-ui/packages/ui-core/src/components/helper-text.tsx"
2025-10-09T11:00:12.390175Z  INFO tailwindcss_oxide::scanner: Reading "/Users/jarl.l/Documents/Github/nostromo-ui/packages/ui-core/src/components/__stories__/Skeleton.stories.tsx"
2025-10-09T11:00:12.390206Z  INFO tailwindcss_oxide::scanner: Reading "/Users/jarl.l/Documents/Github/nostromo-ui/packages/ui-core/src/components/__tests__/toast.a11y.test.tsx"
2025-10-09T11:00:12.390327Z  INFO tailwindcss_oxide::scanner: Reading "/Users/jarl.l/Documents/Github/nostromo-ui/packages/ui-core/src/components/__stories__/Icon.stories.tsx"
2025-10-09T11:00:12.390344Z  INFO tailwindcss_oxide::scanner: Reading "/Users/jarl.l/Documents/Github/nostromo-ui/packages/ui-core/.storybook/tailwind.config.js"
2025-10-09T11:00:12.390373Z  INFO tailwindcss_oxide::scanner: Reading "/Users/jarl.l/Documents/Github/nostromo-ui/packages/ui-core/tsconfig.json"
2025-10-09T11:00:12.390392Z  INFO tailwindcss_oxide::scanner: Reading "/Users/jarl.l/Documents/Github/nostromo-ui/packages/ui-core/eslint.config.js"
2025-10-09T11:00:12.390410Z  INFO tailwindcss_oxide::scanner: Reading "/Users/jarl.l/Documents/Github/nostromo-ui/packages/ui-core/src/components/__tests__/table.a11y.test.tsx"
2025-10-09T11:00:12.390452Z  INFO tailwindcss_oxide::scanner: Reading "/Users/jarl.l/Documents/Github/nostromo-ui/packages/ui-core/src/components/__tests__/separator.stories.tsx"
2025-10-09T11:00:12.390472Z  INFO tailwindcss_oxide::scanner: Reading "/Users/jarl.l/Documents/Github/nostromo-ui/packages/ui-core/src/components/__stories__/Card.stories.tsx"
2025-10-09T11:00:12.390458Z  INFO tailwindcss_oxide::scanner: Reading "/Users/jarl.l/Documents/Github/nostromo-ui/packages/ui-core/src/components/__stories__/Avatar.stories.tsx"
2025-10-09T11:00:12.390512Z  INFO tailwindcss_oxide::scanner: Reading "/Users/jarl.l/Documents/Github/nostromo-ui/packages/ui-core/src/components/__stories__/Table.stories.tsx"
2025-10-09T11:00:12.390541Z  INFO tailwindcss_oxide::scanner: Reading "/Users/jarl.l/Documents/Github/nostromo-ui/packages/ui-core/src/components/__tests__/toast.test.tsx"
2025-10-09T11:00:12.390643Z  INFO tailwindcss_oxide::scanner: Reading "/Users/jarl.l/Documents/Github/nostromo-ui/packages/ui-core/src/components/__stories__/Dialog.stories.tsx"
2025-10-09T11:00:12.390676Z  INFO tailwindcss_oxide::scanner: Reading "/Users/jarl.l/Documents/Github/nostromo-ui/packages/ui-core/.storybook/main.ts"
2025-10-09T11:00:12.390763Z  INFO tailwindcss_oxide::scanner: Reading "/Users/jarl.l/Documents/Github/nostromo-ui/packages/ui-core/.storybook/preview.tsx"
2025-10-09T11:00:12.390796Z  INFO tailwindcss_oxide::scanner: Reading "/Users/jarl.l/Documents/Github/nostromo-ui/packages/ui-core/src/components/__tests__/switch.test.tsx"
2025-10-09T11:00:12.390813Z  INFO tailwindcss_oxide::scanner: Reading "/Users/jarl.l/Documents/Github/nostromo-ui/packages/ui-core/vitest.config.ts"
2025-10-09T11:00:12.390820Z  INFO tailwindcss_oxide::scanner: Reading "/Users/jarl.l/Documents/Github/nostromo-ui/packages/ui-core/src/components/__stories__/Input.stories.tsx"
2025-10-09T11:00:12.390859Z  INFO tailwindcss_oxide::scanner: Reading "/Users/jarl.l/Documents/Github/nostromo-ui/packages/ui-core/postcss.config.js"
2025-10-09T11:00:12.390895Z  INFO tailwindcss_oxide::scanner: Reading "/Users/jarl.l/Documents/Github/nostromo-ui/packages/ui-core/src/components/__tests__/switch.stories.tsx"
2025-10-09T11:00:12.390905Z  INFO tailwindcss_oxide::scanner: Reading "/Users/jarl.l/Documents/Github/nostromo-ui/packages/ui-core/src/components/__stories__/HelperText.stories.tsx"
2025-10-09T11:00:12.390918Z  INFO tailwindcss_oxide::scanner: Reading "/Users/jarl.l/Documents/Github/nostromo-ui/packages/ui-core/src/components/__stories__/Badge.stories.tsx"
2025-10-09T11:00:12.390962Z  INFO tailwindcss_oxide::scanner: Reading "/Users/jarl.l/Documents/Github/nostromo-ui/packages/ui-core/src/components/__tests__/textarea.stories.tsx"
2025-10-09T11:00:12.390990Z  INFO tailwindcss_oxide::scanner: Reading "/Users/jarl.l/Documents/Github/nostromo-ui/packages/ui-core/src/components/accordion.tsx"
2025-10-09T11:00:12.390998Z  INFO tailwindcss_oxide::scanner: Reading "/Users/jarl.l/Documents/Github/nostromo-ui/packages/ui-core/src/components/__tests__/dialog.test.tsx"
2025-10-09T11:00:12.391019Z  INFO tailwindcss_oxide::scanner: Reading "/Users/jarl.l/Documents/Github/nostromo-ui/packages/ui-core/.storybook/preview-head.html"
2025-10-09T11:00:12.391138Z  INFO tailwindcss_oxide::scanner: Reading "/Users/jarl.l/Documents/Github/nostromo-ui/packages/ui-core/src/components/__tests__/button.a11y.test.tsx"
2025-10-09T11:00:12.391165Z  INFO tailwindcss_oxide::scanner: Reading "/Users/jarl.l/Documents/Github/nostromo-ui/packages/ui-core/src/components/__stories__/ErrorMessage.stories.tsx"
2025-10-09T11:00:12.391181Z  INFO tailwindcss_oxide::scanner: Reading "/Users/jarl.l/Documents/Github/nostromo-ui/packages/ui-core/src/test/setup.ts"
2025-10-09T11:00:12.391217Z  INFO tailwindcss_oxide::scanner: Reading "/Users/jarl.l/Documents/Github/nostromo-ui/packages/ui-core/src/components/__stories__/Accordion.stories.tsx"
2025-10-09T11:00:12.391224Z  INFO tailwindcss_oxide::scanner: Reading "/Users/jarl.l/Documents/Github/nostromo-ui/packages/ui-core/src/components/__tests__/tooltip.a11y.test.tsx"
2025-10-09T11:00:12.391252Z  INFO tailwindcss_oxide::scanner: Reading "/Users/jarl.l/Documents/Github/nostromo-ui/packages/ui-core/src/components/__stories__/Tooltip.stories.tsx"
2025-10-09T11:00:12.391260Z  INFO tailwindcss_oxide::scanner: Reading "/Users/jarl.l/Documents/Github/nostromo-ui/packages/ui-core/src/components/__tests__/error-boundary.a11y.test.tsx"
2025-10-09T11:00:12.391490Z  INFO tailwindcss_oxide::scanner: Reading "/Users/jarl.l/Documents/Github/nostromo-ui/packages/ui-core/src/components/tooltip.tsx"
2025-10-09T11:00:12.391535Z  INFO tailwindcss_oxide::scanner: Reading "/Users/jarl.l/Documents/Github/nostromo-ui/packages/ui-core/src/components/__tests__/progress.test.tsx"
2025-10-09T11:00:12.392459Z  INFO tailwindcss_oxide::scanner: Reading "/Users/jarl.l/Documents/Github/nostromo-ui/packages/ui-core/.storybook/postcss.config.js"
2025-10-09T11:00:12.392478Z  INFO tailwindcss_oxide::scanner: Reading "/Users/jarl.l/Documents/Github/nostromo-ui/packages/ui-core/src/components/__tests__/alert.stories.tsx"
2025-10-09T11:00:12.392486Z  INFO tailwindcss_oxide::scanner: Reading "/Users/jarl.l/Documents/Github/nostromo-ui/packages/ui-core/src/stories/Button.stories.ts"
2025-10-09T11:00:12.392503Z  INFO tailwindcss_oxide::scanner: Reading "/Users/jarl.l/Documents/Github/nostromo-ui/packages/ui-core/src/components/__stories__/Select.stories.tsx"
2025-10-09T11:00:12.392511Z  INFO tailwindcss_oxide::scanner: Reading "/Users/jarl.l/Documents/Github/nostromo-ui/packages/ui-core/src/components/__tests__/tooltip.test.tsx"
2025-10-09T11:00:12.392495Z  INFO tailwindcss_oxide::scanner: Reading "/Users/jarl.l/Documents/Github/nostromo-ui/packages/ui-core/src/components/pagination.tsx"
2025-10-09T11:00:12.392915Z  INFO tailwindcss_oxide::scanner: Reading "/Users/jarl.l/Documents/Github/nostromo-ui/packages/ui-core/src/components/__stories__/ConfigTest.stories.tsx"
2025-10-09T11:00:12.392936Z  INFO tailwindcss_oxide::scanner: Reading "/Users/jarl.l/Documents/Github/nostromo-ui/packages/ui-core/src/components/__tests__/breadcrumb.stories.tsx"
2025-10-09T11:00:12.392917Z  INFO tailwindcss_oxide::scanner: Reading "/Users/jarl.l/Documents/Github/nostromo-ui/packages/ui-core/src/components/__tests__/switch.a11y.test.tsx"
2025-10-09T11:00:12.392917Z  INFO tailwindcss_oxide::scanner: Reading "/Users/jarl.l/Documents/Github/nostromo-ui/packages/ui-core/src/components/alert.tsx"
2025-10-09T11:00:12.393199Z  INFO tailwindcss_oxide::scanner: Reading "/Users/jarl.l/Documents/Github/nostromo-ui/packages/ui-core/.storybook/favicon.svg"
2025-10-09T11:00:12.393257Z  INFO tailwindcss_oxide::scanner: Reading "/Users/jarl.l/Documents/Github/nostromo-ui/packages/ui-core/src/components/__tests__/checkbox.stories.tsx"
2025-10-09T11:00:12.393277Z  INFO tailwindcss_oxide::scanner: Reading "/Users/jarl.l/Documents/Github/nostromo-ui/packages/ui-core/src/stories/Page.stories.ts"
2025-10-09T11:00:12.393316Z  INFO tailwindcss_oxide::scanner: Reading "/Users/jarl.l/Documents/Github/nostromo-ui/packages/ui-core/src/components/__tests__/radio-group.test.tsx"
2025-10-09T11:00:12.393489Z  INFO tailwindcss_oxide::scanner: Reading "/Users/jarl.l/Documents/Github/nostromo-ui/packages/ui-core/src/components/error-message.tsx"
2025-10-09T11:00:12.393608Z  INFO tailwindcss_oxide::scanner: Reading "/Users/jarl.l/Documents/Github/nostromo-ui/packages/ui-core/src/components/__tests__/error-boundary.test.tsx"
2025-10-09T11:00:12.393725Z  INFO tailwindcss_oxide::scanner: Reading "/Users/jarl.l/Documents/Github/nostromo-ui/packages/ui-core/src/components/switch.tsx"
2025-10-09T11:00:12.393825Z  INFO tailwindcss_oxide::scanner: Reading "/Users/jarl.l/Documents/Github/nostromo-ui/packages/ui-core/src/components/__tests__/select.a11y.test.tsx"
2025-10-09T11:00:12.393828Z  INFO tailwindcss_oxide::scanner: Reading "/Users/jarl.l/Documents/Github/nostromo-ui/packages/ui-core/src/components/label.tsx"
2025-10-09T11:00:12.393870Z  INFO tailwindcss_oxide::scanner: Reading "/Users/jarl.l/Documents/Github/nostromo-ui/packages/ui-core/src/components/__tests__/breadcrumb.test.tsx"
2025-10-09T11:00:12.393903Z  INFO tailwindcss_oxide::scanner: Reading "/Users/jarl.l/Documents/Github/nostromo-ui/packages/ui-core/src/components/__tests__/badge.test.tsx"
2025-10-09T11:00:12.393911Z  INFO tailwindcss_oxide::scanner: Reading "/Users/jarl.l/Documents/Github/nostromo-ui/packages/ui-core/src/components/__stories__/Tabs.stories.tsx"
2025-10-09T11:00:12.393954Z  INFO tailwindcss_oxide::scanner: Reading "/Users/jarl.l/Documents/Github/nostromo-ui/packages/ui-core/src/stories/Header.tsx"
2025-10-09T11:00:12.394147Z  INFO tailwindcss_oxide::scanner: Reading "/Users/jarl.l/Documents/Github/nostromo-ui/packages/ui-core/src/components/__tests__/pagination.test.tsx"
2025-10-09T11:00:12.394335Z  INFO tailwindcss_oxide::scanner: Reading "/Users/jarl.l/Documents/Github/nostromo-ui/packages/ui-core/src/components/breadcrumb.tsx"
2025-10-09T11:00:12.394664Z  INFO tailwindcss_oxide::scanner: Reading "/Users/jarl.l/Documents/Github/nostromo-ui/packages/ui-core/src/components/__tests__/helper-text.test.tsx"
2025-10-09T11:00:12.394688Z  INFO tailwindcss_oxide::scanner: Reading "/Users/jarl.l/Documents/Github/nostromo-ui/packages/ui-core/src/components/radio-group.tsx"
2025-10-09T11:00:12.394743Z  INFO tailwindcss_oxide::scanner: Reading "/Users/jarl.l/Documents/Github/nostromo-ui/packages/ui-core/src/stories/Page.tsx"
2025-10-09T11:00:12.394776Z  INFO tailwindcss_oxide::scanner: Reading "/Users/jarl.l/Documents/Github/nostromo-ui/packages/ui-core/src/components/__tests__/progress.a11y.test.tsx"
2025-10-09T11:00:12.394958Z  INFO tailwindcss_oxide::scanner: Reading "/Users/jarl.l/Documents/Github/nostromo-ui/packages/ui-core/src/components/__tests__/breadcrumb.a11y.test.tsx"
2025-10-09T11:00:12.394985Z  INFO tailwindcss_oxide::scanner: Reading "/Users/jarl.l/Documents/Github/nostromo-ui/packages/ui-core/src/components/__tests__/tabs.test.tsx"
2025-10-09T11:00:12.394995Z  INFO tailwindcss_oxide::scanner: Reading "/Users/jarl.l/Documents/Github/nostromo-ui/packages/ui-core/src/components/__tests__/dialog.a11y.test.tsx"
2025-10-09T11:00:12.395003Z  INFO tailwindcss_oxide::scanner: Reading "/Users/jarl.l/Documents/Github/nostromo-ui/packages/ui-core/src/stories/Button.tsx"
2025-10-09T11:00:12.395371Z  INFO tailwindcss_oxide::scanner: Reading "/Users/jarl.l/Documents/Github/nostromo-ui/packages/ui-core/src/components/__tests__/input.a11y.test.tsx"
2025-10-09T11:00:12.395431Z  INFO tailwindcss_oxide::scanner: Reading "/Users/jarl.l/Documents/Github/nostromo-ui/packages/ui-core/src/stories/assets/github.svg"
2025-10-09T11:00:12.395800Z  INFO tailwindcss_oxide::scanner: Reading "/Users/jarl.l/Documents/Github/nostromo-ui/packages/ui-core/src/components/__tests__/select.test.tsx"
2025-10-09T11:00:12.395812Z  INFO tailwindcss_oxide::scanner: Reading "/Users/jarl.l/Documents/Github/nostromo-ui/packages/ui-core/src/components/__tests__/card.a11y.test.tsx"
2025-10-09T11:00:12.395821Z  INFO tailwindcss_oxide::scanner: Reading "/Users/jarl.l/Documents/Github/nostromo-ui/packages/ui-core/src/components/__tests__/accordion.test.tsx"
2025-10-09T11:00:12.395940Z  INFO tailwindcss_oxide::scanner: Reading "/Users/jarl.l/Documents/Github/nostromo-ui/packages/ui-core/src/stories/Configure.mdx"
2025-10-09T11:00:12.395995Z  INFO tailwindcss_oxide::scanner: Reading "/Users/jarl.l/Documents/Github/nostromo-ui/packages/ui-core/src/components/__tests__/radio-group.stories.tsx"
2025-10-09T11:00:12.396101Z  INFO tailwindcss_oxide::scanner: Reading "/Users/jarl.l/Documents/Github/nostromo-ui/packages/ui-core/src/components/__tests__/accordion.a11y.test.tsx"
2025-10-09T11:00:12.396445Z  INFO tailwindcss_oxide::scanner: Reading "/Users/jarl.l/Documents/Github/nostromo-ui/packages/ui-core/src/components/__tests__/checkbox.a11y.test.tsx"
2025-10-09T11:00:12.396477Z  INFO tailwindcss_oxide::scanner: Reading "/Users/jarl.l/Documents/Github/nostromo-ui/packages/ui-core/src/components/__tests__/textarea.a11y.test.tsx"
2025-10-09T11:00:12.396502Z  INFO tailwindcss_oxide::scanner: Reading "/Users/jarl.l/Documents/Github/nostromo-ui/packages/ui-core/src/stories/assets/tutorials.svg"
2025-10-09T11:00:12.396515Z  INFO tailwindcss_oxide::scanner: Reading "/Users/jarl.l/Documents/Github/nostromo-ui/packages/ui-core/src/components/avatar.tsx"
2025-10-09T11:00:12.396519Z  INFO tailwindcss_oxide::scanner: Reading "/Users/jarl.l/Documents/Github/nostromo-ui/packages/ui-core/src/components/__tests__/textarea.test.tsx"
2025-10-09T11:00:12.396683Z  INFO tailwindcss_oxide::scanner: Reading "/Users/jarl.l/Documents/Github/nostromo-ui/packages/ui-core/src/stories/assets/youtube.svg"
2025-10-09T11:00:12.396700Z  INFO tailwindcss_oxide::scanner: Reading "/Users/jarl.l/Documents/Github/nostromo-ui/packages/ui-core/src/lib/utils.ts"
2025-10-09T11:00:12.396711Z  INFO tailwindcss_oxide::scanner: Reading "/Users/jarl.l/Documents/Github/nostromo-ui/packages/ui-core/src/stories/Header.stories.ts"
2025-10-09T11:00:12.396716Z  INFO tailwindcss_oxide::scanner: Reading "/Users/jarl.l/Documents/Github/nostromo-ui/packages/ui-core/src/components/__tests__/badge.a11y.test.tsx"
2025-10-09T11:00:12.396745Z  INFO tailwindcss_oxide::scanner: Reading "/Users/jarl.l/Documents/Github/nostromo-ui/packages/ui-core/src/components/__tests__/pagination.a11y.test.tsx"
2025-10-09T11:00:12.396768Z  INFO tailwindcss_oxide::scanner: Reading "/Users/jarl.l/Documents/Github/nostromo-ui/packages/ui-core/src/components/__tests__/skeleton.a11y.test.tsx"
2025-10-09T11:00:12.397409Z  INFO tailwindcss_oxide::scanner: Reading "/Users/jarl.l/Documents/Github/nostromo-ui/packages/ui-core/src/lib/performance.ts"
2025-10-09T11:00:12.397434Z  INFO tailwindcss_oxide::scanner: Reading "/Users/jarl.l/Documents/Github/nostromo-ui/packages/ui-core/src/components/__tests__/avatar.test.tsx"
2025-10-09T11:00:12.397440Z  INFO tailwindcss_oxide::scanner: Reading "/Users/jarl.l/Documents/Github/nostromo-ui/packages/ui-core/src/components/dialog.tsx"
2025-10-09T11:00:12.397476Z  INFO tailwindcss_oxide::scanner: Reading "/Users/jarl.l/Documents/Github/nostromo-ui/packages/ui-core/src/components/__tests__/error-message.a11y.test.tsx"
2025-10-09T11:00:12.397637Z  INFO tailwindcss_oxide::scanner: Reading "/Users/jarl.l/Documents/Github/nostromo-ui/packages/ui-core/src/lib/__tests__/lazy.test.tsx"
2025-10-09T11:00:12.397654Z  INFO tailwindcss_oxide::scanner: Reading "/Users/jarl.l/Documents/Github/nostromo-ui/packages/ui-core/src/stories/assets/discord.svg"
2025-10-09T11:00:12.397661Z  INFO tailwindcss_oxide::scanner: Reading "/Users/jarl.l/Documents/Github/nostromo-ui/packages/ui-core/src/components/table.tsx"
2025-10-09T11:00:12.397678Z  INFO tailwindcss_oxide::scanner: Reading "/Users/jarl.l/Documents/Github/nostromo-ui/packages/ui-core/src/components/checkbox.tsx"
2025-10-09T11:00:12.397686Z  INFO tailwindcss_oxide::scanner: Reading "/Users/jarl.l/Documents/Github/nostromo-ui/packages/ui-core/src/components/__tests__/checkbox.test.tsx"
2025-10-09T11:00:12.397698Z  INFO tailwindcss_oxide::scanner: Reading "/Users/jarl.l/Documents/Github/nostromo-ui/packages/ui-core/src/components/__tests__/alert.test.tsx"
2025-10-09T11:00:12.397894Z  INFO tailwindcss_oxide::scanner: Reading "/Users/jarl.l/Documents/Github/nostromo-ui/packages/ui-core/src/components/__tests__/radio-group.a11y.test.tsx"
2025-10-09T11:00:12.397898Z  INFO tailwindcss_oxide::scanner: Reading "/Users/jarl.l/Documents/Github/nostromo-ui/packages/ui-core/src/components/badge.tsx"
2025-10-09T11:00:12.397910Z  INFO tailwindcss_oxide::scanner: Reading "/Users/jarl.l/Documents/Github/nostromo-ui/packages/ui-core/src/components/__tests__/pagination.stories.tsx"
2025-10-09T11:00:12.397931Z  INFO tailwindcss_oxide::scanner: Reading "/Users/jarl.l/Documents/Github/nostromo-ui/packages/ui-core/src/components/__tests__/separator.a11y.test.tsx"
2025-10-09T11:00:12.397936Z  INFO tailwindcss_oxide::scanner: Reading "/Users/jarl.l/Documents/Github/nostromo-ui/packages/ui-core/src/lib/__tests__/performance.test.ts"
2025-10-09T11:00:12.397965Z  INFO tailwindcss_oxide::scanner: Reading "/Users/jarl.l/Documents/Github/nostromo-ui/packages/ui-core/src/stories/assets/accessibility.svg"
2025-10-09T11:00:12.397977Z  INFO tailwindcss_oxide::scanner: Reading "/Users/jarl.l/Documents/Github/nostromo-ui/packages/ui-core/src/components/separator.tsx"
2025-10-09T11:00:12.398011Z  INFO tailwindcss_oxide::scanner: Reading "/Users/jarl.l/Documents/Github/nostromo-ui/packages/ui-core/src/components/select.tsx"
2025-10-09T11:00:12.398016Z  INFO tailwindcss_oxide::scanner: Reading "/Users/jarl.l/Documents/Github/nostromo-ui/packages/ui-core/src/components/__tests__/alert.a11y.test.tsx"
2025-10-09T11:00:12.398018Z  INFO tailwindcss_oxide::scanner: Reading "/Users/jarl.l/Documents/Github/nostromo-ui/packages/ui-core/src/components/__tests__/separator.test.tsx"
2025-10-09T11:00:12.398149Z  INFO tailwindcss_oxide::scanner: Reading "/Users/jarl.l/Documents/Github/nostromo-ui/packages/ui-core/src/components/__tests__/tabs.a11y.test.tsx"
2025-10-09T11:00:12.398178Z  INFO tailwindcss_oxide::scanner: Reading "/Users/jarl.l/Documents/Github/nostromo-ui/packages/ui-core/src/components/button.tsx"
2025-10-09T11:00:12.398311Z  INFO tailwindcss_oxide::scanner: Reading "/Users/jarl.l/Documents/Github/nostromo-ui/packages/ui-core/src/components/textarea.tsx"
2025-10-09T11:00:12.398318Z  INFO tailwindcss_oxide::scanner: Reading "/Users/jarl.l/Documents/Github/nostromo-ui/packages/ui-core/src/lib/lazy.tsx"
2025-10-09T11:00:12.398346Z  INFO tailwindcss_oxide::scanner: Reading "/Users/jarl.l/Documents/Github/nostromo-ui/packages/ui-core/src/components/__tests__/label.test.tsx"
2025-10-09T11:00:12.398373Z  INFO tailwindcss_oxide::scanner: Reading "/Users/jarl.l/Documents/Github/nostromo-ui/packages/ui-core/src/components/toast.tsx"
2025-10-09T11:00:12.398381Z  INFO tailwindcss_oxide::scanner: Reading "/Users/jarl.l/Documents/Github/nostromo-ui/packages/ui-core/src/index.ts"
2025-10-09T11:00:12.398396Z  INFO tailwindcss_oxide::scanner: Reading "/Users/jarl.l/Documents/Github/nostromo-ui/packages/ui-core/src/components/__tests__/table.test.tsx"
2025-10-09T11:00:12.398388Z  INFO tailwindcss_oxide::scanner: Reading "/Users/jarl.l/Documents/Github/nostromo-ui/packages/ui-core/src/components/__tests__/skeleton.test.tsx"
2025-10-09T11:00:12.398446Z  INFO tailwindcss_oxide::scanner: Reading "/Users/jarl.l/Documents/Github/nostromo-ui/packages/ui-core/src/components/input.tsx"
2025-10-09T11:00:12.398551Z  INFO tailwindcss_oxide::scanner: Reading "/Users/jarl.l/Documents/Github/nostromo-ui/packages/ui-core/src/components/__tests__/helper-text.a11y.test.tsx"
2025-10-09T11:00:12.398577Z  INFO tailwindcss_oxide::scanner: Reading "/Users/jarl.l/Documents/Github/nostromo-ui/packages/ui-core/src/components/skeleton.tsx"
2025-10-09T11:00:12.398648Z  INFO extract_candidates:read_all_files: tailwindcss_oxide::scanner: exit
2025-10-09T11:00:12.398656Z  INFO extract_candidates:parse_all_blobs: tailwindcss_oxide::scanner: enter
2025-10-09T11:00:12.398660Z  INFO extract_candidates:parse_all_blobs:extract: tailwindcss_oxide::scanner: enter
2025-10-09T11:00:12.406037Z  INFO extract_candidates:parse_all_blobs:extract: tailwindcss_oxide::scanner: exit
2025-10-09T11:00:12.406066Z  INFO extract_candidates:parse_all_blobs: tailwindcss_oxide::scanner: exit
2025-10-09T11:00:12.406073Z  INFO extract_candidates:read_all_files: tailwindcss_oxide::scanner: enter
2025-10-09T11:00:12.406076Z  INFO extract_candidates:read_all_files: tailwindcss_oxide::scanner: Reading 9 file(s)
2025-10-09T11:00:12.406506Z  INFO tailwindcss_oxide::scanner: Reading "/Users/jarl.l/Documents/Github/nostromo-ui/packages/ui-core/.storybook/tailwind-entry.css"
2025-10-09T11:00:12.406532Z  INFO tailwindcss_oxide::scanner: Reading "/Users/jarl.l/Documents/Github/nostromo-ui/packages/ui-core/.storybook/preview.css"
2025-10-09T11:00:12.406536Z  INFO tailwindcss_oxide::scanner: Reading "/Users/jarl.l/Documents/Github/nostromo-ui/packages/ui-core/.storybook/tw-output.css"
2025-10-09T11:00:12.406577Z  INFO tailwindcss_oxide::scanner: Reading "/Users/jarl.l/Documents/Github/nostromo-ui/packages/ui-core/.storybook/styles.css"
2025-10-09T11:00:12.406558Z  INFO tailwindcss_oxide::scanner: Reading "/Users/jarl.l/Documents/Github/nostromo-ui/packages/ui-core/.storybook/tw-input.css"
2025-10-09T11:00:12.406603Z  INFO tailwindcss_oxide::scanner: Reading "/Users/jarl.l/Documents/Github/nostromo-ui/packages/ui-core/src/stories/button.css"
2025-10-09T11:00:12.406583Z  INFO tailwindcss_oxide::scanner: Reading "/Users/jarl.l/Documents/Github/nostromo-ui/packages/ui-core/src/stories/page.css"
2025-10-09T11:00:12.406607Z  INFO tailwindcss_oxide::scanner: Reading "/Users/jarl.l/Documents/Github/nostromo-ui/packages/ui-core/.storybook/public/tailwind.css"
2025-10-09T11:00:12.406620Z  INFO tailwindcss_oxide::scanner: Reading "/Users/jarl.l/Documents/Github/nostromo-ui/packages/ui-core/src/stories/header.css"
2025-10-09T11:00:12.406684Z  INFO extract_candidates:read_all_files: tailwindcss_oxide::scanner: exit
2025-10-09T11:00:12.406690Z  INFO extract_candidates:extract_css_variables: tailwindcss_oxide::scanner: enter
2025-10-09T11:00:12.406693Z  INFO extract_candidates:extract_css_variables:extract: tailwindcss_oxide::scanner: enter
2025-10-09T11:00:12.407103Z  INFO extract_candidates:extract_css_variables:extract: tailwindcss_oxide::scanner: exit
2025-10-09T11:00:12.407111Z  INFO extract_candidates:extract_css_variables: tailwindcss_oxide::scanner: exit
2025-10-09T11:00:12.407901Z  INFO extract_candidates: tailwindcss_oxide::scanner: exit
2025-10-09T11:00:12.408736Z  INFO get_files: tailwindcss_oxide::scanner: enter
2025-10-09T11:00:12.408744Z  INFO get_files:scan_sources: tailwindcss_oxide::scanner: enter
2025-10-09T11:00:12.411561Z  INFO get_files:scan_sources: tailwindcss_oxide::scanner: Discovering "/Users/jarl.l/Documents/Github/nostromo-ui/packages/ui-core/.storybook"
2025-10-09T11:00:12.411882Z  INFO get_files:scan_sources: tailwindcss_oxide::scanner: Discovering "/Users/jarl.l/Documents/Github/nostromo-ui/packages/ui-core/.storybook/public"
2025-10-09T11:00:12.412261Z  INFO get_files:scan_sources: tailwindcss_oxide::scanner: Discovering "/Users/jarl.l/Documents/Github/nostromo-ui/packages/ui-core/src"
2025-10-09T11:00:12.412393Z  INFO get_files:scan_sources: tailwindcss_oxide::scanner: Discovering "/Users/jarl.l/Documents/Github/nostromo-ui/packages/ui-core/src/test"
2025-10-09T11:00:12.412539Z  INFO get_files:scan_sources: tailwindcss_oxide::scanner: Discovering "/Users/jarl.l/Documents/Github/nostromo-ui/packages/ui-core/src/components"
2025-10-09T11:00:12.412722Z  INFO get_files:scan_sources: tailwindcss_oxide::scanner: Discovering "/Users/jarl.l/Documents/Github/nostromo-ui/packages/ui-core/src/components/__stories__"
2025-10-09T11:00:12.413001Z  INFO get_files:scan_sources: tailwindcss_oxide::scanner: Discovering "/Users/jarl.l/Documents/Github/nostromo-ui/packages/ui-core/src/components/__tests__"
2025-10-09T11:00:12.413594Z  INFO get_files:scan_sources: tailwindcss_oxide::scanner: Discovering "/Users/jarl.l/Documents/Github/nostromo-ui/packages/ui-core/src/stories"
2025-10-09T11:00:12.413756Z  INFO get_files:scan_sources: tailwindcss_oxide::scanner: Discovering "/Users/jarl.l/Documents/Github/nostromo-ui/packages/ui-core/src/stories/assets"
2025-10-09T11:00:12.414049Z  INFO get_files:scan_sources: tailwindcss_oxide::scanner: Discovering "/Users/jarl.l/Documents/Github/nostromo-ui/packages/ui-core/src/lib"
2025-10-09T11:00:12.414141Z  INFO get_files:scan_sources: tailwindcss_oxide::scanner: Discovering "/Users/jarl.l/Documents/Github/nostromo-ui/packages/ui-core/src/lib/__tests__"
2025-10-09T11:00:12.414297Z  INFO get_files:scan_sources: tailwindcss_oxide::scanner: exit
2025-10-09T11:00:12.414442Z  INFO get_files: tailwindcss_oxide::scanner: exit
2025-10-09T11:00:12.414689Z  INFO get_globs: tailwindcss_oxide::scanner: enter
2025-10-09T11:00:12.414694Z  INFO get_globs:scan_sources: tailwindcss_oxide::scanner: enter
2025-10-09T11:00:12.415467Z  INFO get_globs:scan_sources: tailwindcss_oxide::scanner: Discovering "/Users/jarl.l/Documents/Github/nostromo-ui/packages/ui-core/.storybook"
2025-10-09T11:00:12.415668Z  INFO get_globs:scan_sources: tailwindcss_oxide::scanner: Discovering "/Users/jarl.l/Documents/Github/nostromo-ui/packages/ui-core/.storybook/public"
2025-10-09T11:00:12.415915Z  INFO get_globs:scan_sources: tailwindcss_oxide::scanner: Discovering "/Users/jarl.l/Documents/Github/nostromo-ui/packages/ui-core/src"
2025-10-09T11:00:12.415999Z  INFO get_globs:scan_sources: tailwindcss_oxide::scanner: Discovering "/Users/jarl.l/Documents/Github/nostromo-ui/packages/ui-core/src/test"
2025-10-09T11:00:12.416119Z  INFO get_globs:scan_sources: tailwindcss_oxide::scanner: Discovering "/Users/jarl.l/Documents/Github/nostromo-ui/packages/ui-core/src/components"
2025-10-09T11:00:12.416247Z  INFO get_globs:scan_sources: tailwindcss_oxide::scanner: Discovering "/Users/jarl.l/Documents/Github/nostromo-ui/packages/ui-core/src/components/__stories__"
2025-10-09T11:00:12.416483Z  INFO get_globs:scan_sources: tailwindcss_oxide::scanner: Discovering "/Users/jarl.l/Documents/Github/nostromo-ui/packages/ui-core/src/components/__tests__"
2025-10-09T11:00:12.417007Z  INFO get_globs:scan_sources: tailwindcss_oxide::scanner: Discovering "/Users/jarl.l/Documents/Github/nostromo-ui/packages/ui-core/src/stories"
2025-10-09T11:00:12.417211Z  INFO get_globs:scan_sources: tailwindcss_oxide::scanner: Discovering "/Users/jarl.l/Documents/Github/nostromo-ui/packages/ui-core/src/stories/assets"
2025-10-09T11:00:12.417404Z  INFO get_globs:scan_sources: tailwindcss_oxide::scanner: Discovering "/Users/jarl.l/Documents/Github/nostromo-ui/packages/ui-core/src/lib"
2025-10-09T11:00:12.417568Z  INFO get_globs:scan_sources: tailwindcss_oxide::scanner: Discovering "/Users/jarl.l/Documents/Github/nostromo-ui/packages/ui-core/src/lib/__tests__"
2025-10-09T11:00:12.417744Z  INFO get_globs:scan_sources: tailwindcss_oxide::scanner: exit
2025-10-09T11:00:12.424534Z  INFO get_globs: tailwindcss_oxide::scanner: exit
